Arguments: 
  /Users/antti/.nvm/versions/node/v14.17.0/bin/node /Users/antti/.yarn/bin/yarn.js add csv-write

PATH: 
  /usr/local/opt/openjdk/bin:/Users/antti/google-cloud-sdk/bin:/Users/antti/.nvm/versions/node/v14.17.0/bin:/Users/antti/.yarn/bin:/Users/antti/.config/yarn/global/node_modules/.bin:/Library/Frameworks/Python.framework/Versions/3.7/bin:/Users/antti/.npm-global/bin:/usr/local/bin:/usr/bin:/bin:/usr/sbin:/sbin:/Library/TeX/texbin:/Library/Apple/usr/bin:/Users/antti/Library/Android/sdk/tools:/Users/antti/Library/Android/sdk/platform-tools

Yarn version: 
  1.17.3

Node version: 
  14.17.0

Platform: 
  darwin x64

Trace: 
  Error: https://registry.npmjs.org/csv-write: Not found
      at Request.params.callback [as _callback] (/Users/antti/.yarn/lib/cli.js:66830:18)
      at Request.self.callback (/Users/antti/.yarn/lib/cli.js:140464:22)
      at Request.emit (events.js:376:20)
      at Request.<anonymous> (/Users/antti/.yarn/lib/cli.js:141436:10)
      at Request.emit (events.js:376:20)
      at IncomingMessage.<anonymous> (/Users/antti/.yarn/lib/cli.js:141358:12)
      at Object.onceWrapper (events.js:482:28)
      at IncomingMessage.emit (events.js:388:22)
      at endReadableNT (internal/streams/readable.js:1336:12)
      at processTicksAndRejections (internal/process/task_queues.js:82:21)

npm manifest: 
  {
    "dependencies": {
      "csv-parser": "^3.0.0",
      "fs": "^0.0.1-security",
      "moment": "^2.29.1"
    }
  }

yarn manifest: 
  No manifest

Lockfile: 
  # THIS IS AN AUTOGENERATED FILE. DO NOT EDIT THIS FILE DIRECTLY.
  # yarn lockfile v1
  
  
  csv-parser@^3.0.0:
    version "3.0.0"
    resolved "https://registry.yarnpkg.com/csv-parser/-/csv-parser-3.0.0.tgz#b88a6256d79e090a97a1b56451f9327b01d710e7"
    integrity sha512-s6OYSXAK3IdKqYO33y09jhypG/bSDHPuyCme/IdEHfWpLf/jKcpitVFyOC6UemgGk8v7Q5u2XE0vvwmanxhGlQ==
    dependencies:
      minimist "^1.2.0"
  
  fs@^0.0.1-security:
    version "0.0.1-security"
    resolved "https://registry.yarnpkg.com/fs/-/fs-0.0.1-security.tgz#8a7bd37186b6dddf3813f23858b57ecaaf5e41d4"
    integrity sha1-invTcYa23d84E/I4WLV+yq9eQdQ=
  
  minimist@^1.2.0:
    version "1.2.5"
    resolved "https://registry.yarnpkg.com/minimist/-/minimist-1.2.5.tgz#67d66014b66a6a8aaa0c083c5fd58df4e4e97602"
    integrity sha512-FM9nNUYrRBAELZQT3xeZQ7fmMOBg6nWNmJKTcgsJeaLstP/UODVpGsr5OhXhhXg6f+qtJ8uiZ+PUxkDWcgIXLw==
  
  moment@^2.29.1:
    version "2.29.1"
    resolved "https://registry.yarnpkg.com/moment/-/moment-2.29.1.tgz#b2be769fa31940be9eeea6469c075e35006fa3d3"
    integrity sha512-kHmoybcPV8Sqy59DwNDY3Jefr64lK/by/da0ViFcuA4DH0vQg5Q6Ze5VimxkfQNSC+Mls/Kx53s7TjP1RhFEDQ==
